[03Mar2025 05:39:42.656] [main/INFO] [cpw.mods.modlauncher.Launcher/MODLAUNCHER]: ModLauncher running: args [--gameDir, ., --launchTarget, fmlserver, --fml.forgeVersion, 28.2.26, --fml.mcpVersion, 20190829.143755, --fml.mcVersion, 1.14.4, --fml.forgeGroup, net.minecraftforge, nogui]
[03Mar2025 05:39:42.659] [main/INFO] [cpw.mods.modlauncher.Launcher/MODLAUNCHER]: ModLauncher 4.1.0+62+5bfa59b starting: java version 11.0.26 by Ubuntu
[03Mar2025 05:39:42.847] [main/INFO] [net.minecraftforge.fml.loading.FixSSL/CORE]: Added Lets Encrypt root certificates as additional trust
[03Mar2025 05:39:42.886] [main/WARN] [net.minecraftforge.fml.loading.FMLConfig/CORE]: Configuration file /workspaces/servercitoespecial/servidor_minecraft/config/fml.toml is not correct. Correcting
[03Mar2025 05:39:42.890] [main/WARN] [net.minecraftforge.fml.loading.FMLConfig/CORE]: Incorrect key [defaultConfigPath] was corrected from null to defaultconfigs
[03Mar2025 05:39:42.893] [main/WARN] [net.minecraftforge.fml.loading.FMLConfig/CORE]: Incorrect key [maxThreads] was corrected from null to -1
[03Mar2025 05:39:42.893] [Thread-0/INFO] [STDERR/]: [com.electronwill.nightconfig.core.file.FileWatcher$WatcherThread:run:183]: com.electronwill.nightconfig.core.io.ParsingException: Invalid TOML data: entry "[maxThreads]" defined twice in its table.
[03Mar2025 05:39:42.894] [Thread-0/INFO] [STDERR/]: [com.electronwill.nightconfig.core.file.FileWatcher$WatcherThread:run:183]: 	at com.electronwill.nightconfig.toml.TableParser.checkDuplicateKey(TableParser.java:88)
[03Mar2025 05:39:42.895] [Thread-0/INFO] [STDERR/]: [com.electronwill.nightconfig.core.file.FileWatcher$WatcherThread:run:183]: 	at com.electronwill.nightconfig.toml.TableParser.parseNormal(TableParser.java:59)
[03Mar2025 05:39:42.895] [Thread-0/INFO] [STDERR/]: [com.electronwill.nightconfig.core.file.FileWatcher$WatcherThread:run:183]: 	at com.electronwill.nightconfig.toml.TomlParser.parse(TomlParser.java:44)
[03Mar2025 05:39:42.895] [Thread-0/INFO] [STDERR/]: [com.electronwill.nightconfig.core.file.FileWatcher$WatcherThread:run:183]: 	at com.electronwill.nightconfig.toml.TomlParser.parse(TomlParser.java:37)
[03Mar2025 05:39:42.896] [Thread-0/INFO] [STDERR/]: [com.electronwill.nightconfig.core.file.FileWatcher$WatcherThread:run:183]: 	at com.electronwill.nightconfig.core.io.ConfigParser.parse(ConfigParser.java:113)
[03Mar2025 05:39:42.896] [Thread-0/INFO] [STDERR/]: [com.electronwill.nightconfig.core.file.FileWatcher$WatcherThread:run:183]: 	at com.electronwill.nightconfig.core.io.ConfigParser.parse(ConfigParser.java:219)
[03Mar2025 05:39:42.897] [Thread-0/INFO] [STDERR/]: [com.electronwill.nightconfig.core.file.FileWatcher$WatcherThread:run:183]: 	at com.electronwill.nightconfig.core.io.ConfigParser.parse(ConfigParser.java:202)
[03Mar2025 05:39:42.897] [Thread-0/INFO] [STDERR/]: [com.electronwill.nightconfig.core.file.FileWatcher$WatcherThread:run:183]: 	at com.electronwill.nightconfig.core.file.WriteSyncFileConfig.load(WriteSyncFileConfig.java:73)
[03Mar2025 05:39:42.897] [Thread-0/INFO] [STDERR/]: [com.electronwill.nightconfig.core.file.FileWatcher$WatcherThread:run:183]: 	at com.electronwill.nightconfig.core.file.FileWatcher$WatcherThread.run(FileWatcher.java:181)
[03Mar2025 05:39:43.192] [main/INFO] [STDERR/]: [jdk.nashorn.api.scripting.NashornScriptEngine:<init>:143]: Warning: Nashorn engine is planned to be removed from a future JDK release
[03Mar2025 05:39:43.640] [main/INFO] [cpw.mods.modlauncher.LaunchServiceHandler/MODLAUNCHER]: Launching target 'fmlserver' with arguments [--gameDir, ., nogui]
[03Mar2025 05:39:43.711] [main/INFO] [STDERR/]: [java.lang.ThreadGroup:uncaughtException:1050]: java.lang.RuntimeException: java.lang.UnsupportedOperationException
[03Mar2025 05:39:43.712] [main/INFO] [STDERR/]: [java.lang.ThreadGroup:uncaughtException:1050]: 	at cpw.mods.modlauncher.LaunchServiceHandlerDecorator.launch(LaunchServiceHandlerDecorator.java:39)
[03Mar2025 05:39:43.713] [main/INFO] [STDERR/]: [java.lang.ThreadGroup:uncaughtException:1050]: 	at cpw.mods.modlauncher.LaunchServiceHandler.launch(LaunchServiceHandler.java:54)
[03Mar2025 05:39:43.713] [main/INFO] [STDERR/]: [java.lang.ThreadGroup:uncaughtException:1050]: 	at cpw.mods.modlauncher.LaunchServiceHandler.launch(LaunchServiceHandler.java:72)
[03Mar2025 05:39:43.714] [main/INFO] [STDERR/]: [java.lang.ThreadGroup:uncaughtException:1050]: 	at cpw.mods.modlauncher.Launcher.run(Launcher.java:81)
[03Mar2025 05:39:43.714] [main/INFO] [STDERR/]: [java.lang.ThreadGroup:uncaughtException:1050]: 	at cpw.mods.modlauncher.Launcher.main(Launcher.java:65)
[03Mar2025 05:39:43.715] [main/INFO] [STDERR/]: [java.lang.ThreadGroup:uncaughtException:1050]: 	at net.minecraftforge.server.ServerMain$Runner.runLauncher(ServerMain.java:63)
[03Mar2025 05:39:43.716] [main/INFO] [STDERR/]: [java.lang.ThreadGroup:uncaughtException:1050]: 	at net.minecraftforge.server.ServerMain$Runner.access$100(ServerMain.java:60)
[03Mar2025 05:39:43.716] [main/INFO] [STDERR/]: [java.lang.ThreadGroup:uncaughtException:1050]: 	at net.minecraftforge.server.ServerMain.main(ServerMain.java:57)
[03Mar2025 05:39:43.717] [main/INFO] [STDERR/]: [java.lang.ThreadGroup:uncaughtException:1059]: Caused by: java.lang.UnsupportedOperationException
[03Mar2025 05:39:43.717] [main/INFO] [STDERR/]: [java.lang.ThreadGroup:uncaughtException:1059]: 	at org.objectweb.asm.ClassVisitor.visitNestMemberExperimental(ClassVisitor.java:248)
[03Mar2025 05:39:43.718] [main/INFO] [STDERR/]: [java.lang.ThreadGroup:uncaughtException:1059]: 	at org.objectweb.asm.ClassReader.accept(ClassReader.java:651)
[03Mar2025 05:39:43.718] [main/INFO] [STDERR/]: [java.lang.ThreadGroup:uncaughtException:1059]: 	at org.objectweb.asm.ClassReader.accept(ClassReader.java:391)
[03Mar2025 05:39:43.719] [main/INFO] [STDERR/]: [java.lang.ThreadGroup:uncaughtException:1059]: 	at cpw.mods.modlauncher.TransformerClassWriter.computeHierarchy(TransformerClassWriter.java:83)
[03Mar2025 05:39:43.719] [main/INFO] [STDERR/]: [java.lang.ThreadGroup:uncaughtException:1059]: 	at cpw.mods.modlauncher.TransformerClassWriter.access$100(TransformerClassWriter.java:35)
[03Mar2025 05:39:43.720] [main/INFO] [STDERR/]: [java.lang.ThreadGroup:uncaughtException:1059]: 	at cpw.mods.modlauncher.TransformerClassWriter$SuperCollectingVisitor.visit(TransformerClassWriter.java:129)
[03Mar2025 05:39:43.720] [main/INFO] [STDERR/]: [java.lang.ThreadGroup:uncaughtException:1059]: 	at org.objectweb.asm.ClassReader.accept(ClassReader.java:525)
[03Mar2025 05:39:43.721] [main/INFO] [STDERR/]: [java.lang.ThreadGroup:uncaughtException:1059]: 	at org.objectweb.asm.ClassReader.accept(ClassReader.java:391)
[03Mar2025 05:39:43.721] [main/INFO] [STDERR/]: [java.lang.ThreadGroup:uncaughtException:1059]: 	at cpw.mods.modlauncher.TransformerClassWriter.computeHierarchy(TransformerClassWriter.java:83)
[03Mar2025 05:39:43.722] [main/INFO] [STDERR/]: [java.lang.ThreadGroup:uncaughtException:1059]: 	at cpw.mods.modlauncher.TransformerClassWriter.access$100(TransformerClassWriter.java:35)
[03Mar2025 05:39:43.722] [main/INFO] [STDERR/]: [java.lang.ThreadGroup:uncaughtException:1059]: 	at cpw.mods.modlauncher.TransformerClassWriter$SuperCollectingVisitor.visit(TransformerClassWriter.java:129)
[03Mar2025 05:39:43.723] [main/INFO] [STDERR/]: [java.lang.ThreadGroup:uncaughtException:1059]: 	at org.objectweb.asm.ClassReader.accept(ClassReader.java:525)
[03Mar2025 05:39:43.723] [main/INFO] [STDERR/]: [java.lang.ThreadGroup:uncaughtException:1059]: 	at org.objectweb.asm.ClassReader.accept(ClassReader.java:391)
[03Mar2025 05:39:43.724] [main/INFO] [STDERR/]: [java.lang.ThreadGroup:uncaughtException:1059]: 	at cpw.mods.modlauncher.TransformerClassWriter.computeHierarchy(TransformerClassWriter.java:83)
[03Mar2025 05:39:43.724] [main/INFO] [STDERR/]: [java.lang.ThreadGroup:uncaughtException:1059]: 	at cpw.mods.modlauncher.TransformerClassWriter.access$100(TransformerClassWriter.java:35)
[03Mar2025 05:39:43.725] [main/INFO] [STDERR/]: [java.lang.ThreadGroup:uncaughtException:1059]: 	at cpw.mods.modlauncher.TransformerClassWriter$SuperCollectingVisitor.visit(TransformerClassWriter.java:129)
[03Mar2025 05:39:43.725] [main/INFO] [STDERR/]: [java.lang.ThreadGroup:uncaughtException:1059]: 	at org.objectweb.asm.ClassReader.accept(ClassReader.java:525)
[03Mar2025 05:39:43.726] [main/INFO] [STDERR/]: [java.lang.ThreadGroup:uncaughtException:1059]: 	at org.objectweb.asm.ClassReader.accept(ClassReader.java:391)
[03Mar2025 05:39:43.726] [main/INFO] [STDERR/]: [java.lang.ThreadGroup:uncaughtException:1059]: 	at cpw.mods.modlauncher.TransformerClassWriter.computeHierarchy(TransformerClassWriter.java:83)
[03Mar2025 05:39:43.726] [main/INFO] [STDERR/]: [java.lang.ThreadGroup:uncaughtException:1059]: 	at cpw.mods.modlauncher.TransformerClassWriter.getSupers(TransformerClassWriter.java:54)
[03Mar2025 05:39:43.727] [main/INFO] [STDERR/]: [java.lang.ThreadGroup:uncaughtException:1059]: 	at cpw.mods.modlauncher.TransformerClassWriter.getCommonSuperClass(TransformerClassWriter.java:99)
[03Mar2025 05:39:43.727] [main/INFO] [STDERR/]: [java.lang.ThreadGroup:uncaughtException:1059]: 	at org.objectweb.asm.SymbolTable.addMergedType(SymbolTable.java:1209)
[03Mar2025 05:39:43.728] [main/INFO] [STDERR/]: [java.lang.ThreadGroup:uncaughtException:1059]: 	at org.objectweb.asm.Frame.merge(Frame.java:1293)
[03Mar2025 05:39:43.728] [main/INFO] [STDERR/]: [java.lang.ThreadGroup:uncaughtException:1059]: 	at org.objectweb.asm.Frame.merge(Frame.java:1175)
[03Mar2025 05:39:43.729] [main/INFO] [STDERR/]: [java.lang.ThreadGroup:uncaughtException:1059]: 	at org.objectweb.asm.MethodWriter.computeAllFrames(MethodWriter.java:1604)
[03Mar2025 05:39:43.729] [main/INFO] [STDERR/]: [java.lang.ThreadGroup:uncaughtException:1059]: 	at org.objectweb.asm.MethodWriter.visitMaxs(MethodWriter.java:1540)
[03Mar2025 05:39:43.730] [main/INFO] [STDERR/]: [java.lang.ThreadGroup:uncaughtException:1059]: 	at org.objectweb.asm.tree.MethodNode.accept(MethodNode.java:807)
[03Mar2025 05:39:43.730] [main/INFO] [STDERR/]: [java.lang.ThreadGroup:uncaughtException:1059]: 	at org.objectweb.asm.tree.MethodNode.accept(MethodNode.java:687)
[03Mar2025 05:39:43.731] [main/INFO] [STDERR/]: [java.lang.ThreadGroup:uncaughtException:1059]: 	at org.objectweb.asm.tree.ClassNode.accept(ClassNode.java:436)
[03Mar2025 05:39:43.731] [main/INFO] [STDERR/]: [java.lang.ThreadGroup:uncaughtException:1059]: 	at cpw.mods.modlauncher.ClassTransformer.transform(ClassTransformer.java:121)
[03Mar2025 05:39:43.732] [main/INFO] [STDERR/]: [java.lang.ThreadGroup:uncaughtException:1059]: 	at cpw.mods.modlauncher.TransformingClassLoader$DelegatedClassLoader.findClass(TransformingClassLoader.java:241)
[03Mar2025 05:39:43.732] [main/INFO] [STDERR/]: [java.lang.ThreadGroup:uncaughtException:1059]: 	at cpw.mods.modlauncher.TransformingClassLoader.loadClass(TransformingClassLoader.java:128)
[03Mar2025 05:39:43.733] [main/INFO] [STDERR/]: [java.lang.ThreadGroup:uncaughtException:1059]: 	at cpw.mods.modlauncher.TransformingClassLoader.loadClass(TransformingClassLoader.java:98)
[03Mar2025 05:39:43.734] [main/INFO] [STDERR/]: [java.lang.ThreadGroup:uncaughtException:1059]: 	at java.base/java.lang.ClassLoader.loadClass(ClassLoader.java:527)
[03Mar2025 05:39:43.734] [main/INFO] [STDERR/]: [java.lang.ThreadGroup:uncaughtException:1059]: 	at java.base/java.lang.Class.forName0(Native Method)
[03Mar2025 05:39:43.735] [main/INFO] [STDERR/]: [java.lang.ThreadGroup:uncaughtException:1059]: 	at java.base/java.lang.Class.forName(Class.java:398)
[03Mar2025 05:39:43.735] [main/INFO] [STDERR/]: [java.lang.ThreadGroup:uncaughtException:1059]: 	at net.minecraftforge.fml.loading.FMLServerLaunchProvider.lambda$launchService$0(FMLServerLaunchProvider.java:51)
[03Mar2025 05:39:43.736] [main/INFO] [STDERR/]: [java.lang.ThreadGroup:uncaughtException:1059]: 	at cpw.mods.modlauncher.LaunchServiceHandlerDecorator.launch(LaunchServiceHandlerDecorator.java:37)
[03Mar2025 05:39:43.737] [main/INFO] [STDERR/]: [java.lang.ThreadGroup:uncaughtException:1059]: 	... 7 more
